<?xml version="1.0" encoding="UTF-8"?>
<!-- Generated by org.testng.reporters.JUnitXMLReporter -->
<testsuite hostname="BAALUU" ignored="0" name="Test" tests="1" failures="1" timestamp="19 Jun 2020 06:35:45 GMT" time="33.857" errors="0">
  <testcase name="testCreateCustomer" time="11.571" classname="com.actitime.testscripts.CustomerTest">
    <failure type="java.lang.AssertionError" message="expected [Bala Sai Krishna] but found [All Customers]">
      <![CDATA[java.lang.AssertionError: expected [Bala Sai Krishna] but found [All Customers]
at com.actitime.testscripts.CustomerTest.testCreateCustomer(CustomerTest.java:38)
... Removed 31 stack frames]]>
    </failure>
  </testcase> <!-- testCreateCustomer -->
</testsuite> <!-- Test -->
